c:\users\jakub\documents\visual studio 2013\projects\consoleapplication12\consoleapplication12\debug\vc120.pdb
c:\users\jakub\documents\visual studio 2013\projects\consoleapplication12\consoleapplication12\debug\vc120.idb
c:\users\jakub\documents\visual studio 2013\projects\consoleapplication12\consoleapplication12\debug\consoleapplication12.obj
c:\users\jakub\documents\visual studio 2013\projects\consoleapplication12\consoleapplication12\debug\kierownica.obj
c:\users\jakub\documents\visual studio 2013\projects\consoleapplication12\consoleapplication12\debug\koła.obj
c:\users\jakub\documents\visual studio 2013\projects\consoleapplication12\consoleapplication12\debug\rower.obj
c:\users\jakub\documents\visual studio 2013\projects\consoleapplication12\consoleapplication12\debug\source.obj
c:\users\jakub\documents\visual studio 2013\projects\consoleapplication12\consoleapplication12\debug\source1.obj
c:\users\jakub\documents\visual studio 2013\projects\consoleapplication12\consoleapplication12\debug\source2.obj
c:\users\jakub\documents\visual studio 2013\projects\consoleapplication12\consoleapplication12\debug\stdafx.obj
c:\users\jakub\documents\visual studio 2013\projects\consoleapplication12\consoleapplication12\debug\przerzutki.obj
c:\users\jakub\documents\visual studio 2013\projects\consoleapplication12\consoleapplication12\debug\pojazd.obj
c:\users\jakub\documents\visual studio 2013\projects\consoleapplication12\consoleapplication12\debug\rower górski.obj
c:\users\jakub\documents\visual studio 2013\projects\consoleapplication12\consoleapplication12\debug\rower dziecięcy.obj
c:\users\jakub\documents\visual studio 2013\projects\consoleapplication12\debug\consoleapplication12.ilk
c:\users\jakub\documents\visual studio 2013\projects\consoleapplication12\debug\consoleapplication12.exe
c:\users\jakub\documents\visual studio 2013\projects\consoleapplication12\debug\consoleapplication12.pdb
c:\users\jakub\documents\visual studio 2013\projects\consoleapplication12\consoleapplication12\debug\consolea.ba75fe4f.tlog\cl.command.1.tlog
c:\users\jakub\documents\visual studio 2013\projects\consoleapplication12\consoleapplication12\debug\consolea.ba75fe4f.tlog\cl.read.1.tlog
c:\users\jakub\documents\visual studio 2013\projects\consoleapplication12\consoleapplication12\debug\consolea.ba75fe4f.tlog\cl.write.1.tlog
c:\users\jakub\documents\visual studio 2013\projects\consoleapplication12\consoleapplication12\debug\consolea.ba75fe4f.tlog\link.command.1.tlog
c:\users\jakub\documents\visual studio 2013\projects\consoleapplication12\consoleapplication12\debug\consolea.ba75fe4f.tlog\link.read.1.tlog
c:\users\jakub\documents\visual studio 2013\projects\consoleapplication12\consoleapplication12\debug\consolea.ba75fe4f.tlog\link.write.1.tlog
