Build started 2015-05-06 16:07:44.
     1>Project "C:\Users\Jakub\Documents\Visual Studio 2013\Projects\ConsoleApplication12\ConsoleApplication12\ConsoleApplication12.vcxproj" on node 2 (Build target(s)).
     1>ClCompile:
         C:\Program Files (x86)\Microsoft Visual Studio 12.0\VC\bin\CL.exe /c /ZI /nologo /W3 /WX- /Od /Oy- /D WIN32 /D _DEBUG /D _CONSOLE /D _LIB /D _MBCS /Gm /EHsc /RTC1 /MDd /GS /fp:precise /Zc:wchar_t /Zc:forScope /Fo"Debug\\" /Fd"Debug\vc120.pdb" /Gd /TP /analyze- /errorReport:prompt ConsoleApplication12.cpp "koła.cpp" "rower dziecięcy.cpp" "rower górski.cpp" rower.cpp
         koła.cpp
         Generating Code...
         Compiling...
         rower.cpp
         rower górski.cpp
         rower dziecięcy.cpp
         ConsoleApplication12.cpp
         Generating Code...
       Link:
         C:\Program Files (x86)\Microsoft Visual Studio 12.0\VC\bin\link.exe /ERRORREPORT:PROMPT /OUT:"C:\Users\Jakub\Documents\Visual Studio 2013\Projects\ConsoleApplication12\Debug\ConsoleApplication12.exe" /INCREMENTAL /NOLOGO kernel32.lib user32.lib gdi32.lib winspool.lib comdlg32.lib advapi32.lib shell32.lib ole32.lib oleaut32.lib uuid.lib odbc32.lib odbccp32.lib /MANIFEST /MANIFESTUAC:"level='asInvoker' uiAccess='false'" /manifest:embed /DEBUG /PDB:"C:\Users\Jakub\Documents\Visual Studio 2013\Projects\ConsoleApplication12\Debug\ConsoleApplication12.pdb" /SUBSYSTEM:CONSOLE /TLBID:1 /DYNAMICBASE /NXCOMPAT /IMPLIB:"C:\Users\Jakub\Documents\Visual Studio 2013\Projects\ConsoleApplication12\Debug\ConsoleApplication12.lib" /MACHINE:X86 Debug\ConsoleApplication12.obj
         Debug\pojazd.obj
         Debug\przerzutki.obj
         Debug\kierownica.obj
         "Debug\koła.obj"
         "Debug\rower dziecięcy.obj"
         "Debug\rower górski.obj"
         Debug\rower.obj
         Debug\stdafx.obj
         ConsoleApplication12.vcxproj -> C:\Users\Jakub\Documents\Visual Studio 2013\Projects\ConsoleApplication12\Debug\ConsoleApplication12.exe
     1>Done Building Project "C:\Users\Jakub\Documents\Visual Studio 2013\Projects\ConsoleApplication12\ConsoleApplication12\ConsoleApplication12.vcxproj" (Build target(s)).

Build succeeded.

Time Elapsed 00:00:10.09
